<?xml version="1.0" encoding="UTF-8"?><testrun name="CabFareControllerTest" project="CabFare" tests="4" started="4" failures="4" errors="0" ignored="0">
  <testsuite name="com.controller.CabFareControllerTest" time="0.174" displayname="CabFareControllerTest" uniqueid="[engine:junit-jupiter]/[class:com.controller.CabFareControllerTest]">
    <testcase name="testFarePrice" classname="com.controller.CabFareControllerTest" time="0.055" displayname="testFarePrice()" uniqueid="[engine:junit-jupiter]/[class:com.controller.CabFareControllerTest]/[method:testFarePrice()]">
      <failure>org.opentest4j.AssertionFailedError: Not yet implemented
	at org.junit.jupiter.api.AssertionUtils.fail(AssertionUtils.java:38)
	at org.junit.jupiter.api.Assertions.fail(Assertions.java:138)
	at com.controller.CabFareControllerTest.testFarePrice(CabFareControllerTest.java:47)
	at java.base/java.lang.reflect.Method.invoke(Method.java:568)
	at java.base/java.util.ArrayList.forEach(ArrayList.java:1511)
	at java.base/java.util.ArrayList.forEach(ArrayList.java:1511)

</failure>
    </testcase>
    <testcase name="testGetCabFares" classname="com.controller.CabFareControllerTest" time="0.008" displayname="testGetCabFares()" uniqueid="[engine:junit-jupiter]/[class:com.controller.CabFareControllerTest]/[method:testGetCabFares()]">
      <failure>org.opentest4j.AssertionFailedError: Not yet implemented
	at org.junit.jupiter.api.AssertionUtils.fail(AssertionUtils.java:38)
	at org.junit.jupiter.api.Assertions.fail(Assertions.java:138)
	at com.controller.CabFareControllerTest.testGetCabFares(CabFareControllerTest.java:42)
	at java.base/java.lang.reflect.Method.invoke(Method.java:568)
	at java.base/java.util.ArrayList.forEach(ArrayList.java:1511)
	at java.base/java.util.ArrayList.forEach(ArrayList.java:1511)

</failure>
    </testcase>
    <testcase name="testGetCabTypes" classname="com.controller.CabFareControllerTest" time="0.011" displayname="testGetCabTypes()" uniqueid="[engine:junit-jupiter]/[class:com.controller.CabFareControllerTest]/[method:testGetCabTypes()]">
      <failure>org.opentest4j.AssertionFailedError: Not yet implemented
	at org.junit.jupiter.api.AssertionUtils.fail(AssertionUtils.java:38)
	at org.junit.jupiter.api.Assertions.fail(Assertions.java:138)
	at com.controller.CabFareControllerTest.testGetCabTypes(CabFareControllerTest.java:37)
	at java.base/java.lang.reflect.Method.invoke(Method.java:568)
	at java.base/java.util.ArrayList.forEach(ArrayList.java:1511)
	at java.base/java.util.ArrayList.forEach(ArrayList.java:1511)

</failure>
    </testcase>
    <testcase name="testFactor" classname="com.controller.CabFareControllerTest" time="0.09" displayname="testFactor()" uniqueid="[engine:junit-jupiter]/[class:com.controller.CabFareControllerTest]/[method:testFactor()]">
      <failure>
        <expected>0.7</expected>
        <actual>0.8</actual>
        org.opentest4j.AssertionFailedError: expected: &lt;0.7&gt; but was: &lt;0.8&gt;
	at org.junit.jupiter.api.AssertionFailureBuilder.build(AssertionFailureBuilder.java:151)
	at org.junit.jupiter.api.AssertionFailureBuilder.buildAndThrow(AssertionFailureBuilder.java:132)
	at org.junit.jupiter.api.AssertEquals.failNotEqual(AssertEquals.java:197)
	at org.junit.jupiter.api.AssertEquals.assertEquals(AssertEquals.java:182)
	at org.junit.jupiter.api.AssertEquals.assertEquals(AssertEquals.java:177)
	at org.junit.jupiter.api.Assertions.assertEquals(Assertions.java:1145)
	at com.controller.CabFareControllerTest.testFactor(CabFareControllerTest.java:32)
	at java.base/java.lang.reflect.Method.invoke(Method.java:568)
	at java.base/java.util.ArrayList.forEach(ArrayList.java:1511)
	at java.base/java.util.ArrayList.forEach(ArrayList.java:1511)


      </failure>
    </testcase>
  </testsuite>
</testrun>
