<?xml version="1.0" encoding="UTF-8"?><testrun name="BookingServiceTest" project="BookingService" tests="4" started="4" failures="2" errors="0" ignored="0">
  <testsuite name="com.service.BookingServiceTest" time="1.357" displayname="BookingServiceTest" uniqueid="[engine:junit-jupiter]/[class:com.service.BookingServiceTest]">
    <testcase name="testGetBookings" classname="com.service.BookingServiceTest" time="0.888" displayname="testGetBookings()" uniqueid="[engine:junit-jupiter]/[class:com.service.BookingServiceTest]/[method:testGetBookings()]"/>
    <testcase name="testGetBookingsString" classname="com.service.BookingServiceTest" time="0.008" displayname="testGetBookingsString()" uniqueid="[engine:junit-jupiter]/[class:com.service.BookingServiceTest]/[method:testGetBookingsString()]">
      <failure>org.opentest4j.AssertionFailedError: Not yet implemented
	at org.junit.jupiter.api.AssertionUtils.fail(AssertionUtils.java:38)
	at org.junit.jupiter.api.Assertions.fail(Assertions.java:138)
	at com.service.BookingServiceTest.testGetBookingsString(BookingServiceTest.java:63)
	at java.base/java.lang.reflect.Method.invoke(Method.java:568)
	at java.base/java.util.ArrayList.forEach(ArrayList.java:1511)
	at java.base/java.util.ArrayList.forEach(ArrayList.java:1511)

</failure>
    </testcase>
    <testcase name="testCalculateFare" classname="com.service.BookingServiceTest" time="0.004" displayname="testCalculateFare()" uniqueid="[engine:junit-jupiter]/[class:com.service.BookingServiceTest]/[method:testCalculateFare()]">
      <failure>org.opentest4j.AssertionFailedError: Not yet implemented
	at org.junit.jupiter.api.AssertionUtils.fail(AssertionUtils.java:38)
	at org.junit.jupiter.api.Assertions.fail(Assertions.java:138)
	at com.service.BookingServiceTest.testCalculateFare(BookingServiceTest.java:58)
	at java.base/java.lang.reflect.Method.invoke(Method.java:568)
	at java.base/java.util.ArrayList.forEach(ArrayList.java:1511)
	at java.base/java.util.ArrayList.forEach(ArrayList.java:1511)

</failure>
    </testcase>
    <testcase name="testStoreBooking" classname="com.service.BookingServiceTest" time="0.452" displayname="testStoreBooking()" uniqueid="[engine:junit-jupiter]/[class:com.service.BookingServiceTest]/[method:testStoreBooking()]"/>
  </testsuite>
</testrun>
