<?xml version="1.0" encoding="UTF-8"?><testrun name="CabFareControllerTest" project="CabFare" tests="4" started="4" failures="3" errors="0" ignored="0">
  <testsuite name="com.controller.CabFareControllerTest" time="0.124" displayname="CabFareControllerTest" uniqueid="[engine:junit-jupiter]/[class:com.controller.CabFareControllerTest]">
    <testcase name="testFarePrice" classname="com.controller.CabFareControllerTest" time="0.041" displayname="testFarePrice()" uniqueid="[engine:junit-jupiter]/[class:com.controller.CabFareControllerTest]/[method:testFarePrice()]">
      <failure>org.opentest4j.AssertionFailedError: Not yet implemented
	at org.junit.jupiter.api.AssertionUtils.fail(AssertionUtils.java:38)
	at org.junit.jupiter.api.Assertions.fail(Assertions.java:138)
	at com.controller.CabFareControllerTest.testFarePrice(CabFareControllerTest.java:47)
	at java.base/java.lang.reflect.Method.invoke(Method.java:568)
	at java.base/java.util.ArrayList.forEach(ArrayList.java:1511)
	at java.base/java.util.ArrayList.forEach(ArrayList.java:1511)

</failure>
    </testcase>
    <testcase name="testGetCabFares" classname="com.controller.CabFareControllerTest" time="0.007" displayname="testGetCabFares()" uniqueid="[engine:junit-jupiter]/[class:com.controller.CabFareControllerTest]/[method:testGetCabFares()]">
      <failure>org.opentest4j.AssertionFailedError: Not yet implemented
	at org.junit.jupiter.api.AssertionUtils.fail(AssertionUtils.java:38)
	at org.junit.jupiter.api.Assertions.fail(Assertions.java:138)
	at com.controller.CabFareControllerTest.testGetCabFares(CabFareControllerTest.java:42)
	at java.base/java.lang.reflect.Method.invoke(Method.java:568)
	at java.base/java.util.ArrayList.forEach(ArrayList.java:1511)
	at java.base/java.util.ArrayList.forEach(ArrayList.java:1511)

</failure>
    </testcase>
    <testcase name="testGetCabTypes" classname="com.controller.CabFareControllerTest" time="0.007" displayname="testGetCabTypes()" uniqueid="[engine:junit-jupiter]/[class:com.controller.CabFareControllerTest]/[method:testGetCabTypes()]">
      <failure>org.opentest4j.AssertionFailedError: Not yet implemented
	at org.junit.jupiter.api.AssertionUtils.fail(AssertionUtils.java:38)
	at org.junit.jupiter.api.Assertions.fail(Assertions.java:138)
	at com.controller.CabFareControllerTest.testGetCabTypes(CabFareControllerTest.java:37)
	at java.base/java.lang.reflect.Method.invoke(Method.java:568)
	at java.base/java.util.ArrayList.forEach(ArrayList.java:1511)
	at java.base/java.util.ArrayList.forEach(ArrayList.java:1511)

</failure>
    </testcase>
    <testcase name="testFactor" classname="com.controller.CabFareControllerTest" time="0.047" displayname="testFactor()" uniqueid="[engine:junit-jupiter]/[class:com.controller.CabFareControllerTest]/[method:testFactor()]"/>
  </testsuite>
</testrun>
